\BOOKMARK [1][-]{section.1}{\376\377\000O\000b\000j\000e\000c\000t\000i\000f}{}% 1
\BOOKMARK [1][-]{section.2}{\376\377\000A\000c\000t\000i\000v\000i\000t\000\351\000\040\000n\000\260\0001\000:\000B\000l\000i\000n\000k\000i\000n\000g\000\040\000l\000e\000d}{}% 2
\BOOKMARK [2][-]{subsection.2.1}{\376\377\000E\000t\000u\000d\000e\000\040\000T\000h\000e\000o\000r\000i\000q\000u\000e}{section.2}% 3
\BOOKMARK [2][-]{subsection.2.2}{\376\377\000M\000a\000n\000i\000p\000u\000l\000a\000t\000i\000o\000n}{section.2}% 4
\BOOKMARK [2][-]{subsection.2.3}{\376\377\000R\000\351\000s\000u\000l\000t\000a\000t\000\040\000o\000b\000t\000e\000n\000u\000e}{section.2}% 5
\BOOKMARK [2][-]{subsection.2.4}{\376\377\000I\000n\000t\000e\000r\000p\000r\000e\000t\000a\000t\000i\000o\000n}{section.2}% 6
\BOOKMARK [1][-]{section.3}{\376\377\000A\000c\000t\000i\000v\000i\000t\000\351\000\040\000n\000\260\0002\000\040\000:\000C\000l\000i\000g\000n\000o\000t\000e\000m\000e\000n\000t\000\040\000d\000e\000\040\000d\000e\000u\000x\000\040\000l\000e\000d\000s\000\040\000e\000n\000\040\000a\000l\000t\000e\000r\000n\000a\000n\000c\000e}{}% 7
\BOOKMARK [2][-]{subsection.3.1}{\376\377\000E\000t\000u\000d\000e\000\040\000T\000h\000e\000o\000r\000i\000q\000u\000e}{section.3}% 8
\BOOKMARK [2][-]{subsection.3.2}{\376\377\000M\000a\000n\000i\000p\000u\000l\000a\000t\000i\000o\000n}{section.3}% 9
\BOOKMARK [2][-]{subsection.3.3}{\376\377\000R\000\351\000s\000u\000l\000t\000a\000t\000\040\000o\000b\000t\000e\000n\000u\000e}{section.3}% 10
\BOOKMARK [2][-]{subsection.3.4}{\376\377\000I\000n\000t\000e\000r\000p\000r\000e\000t\000a\000t\000i\000o\000n}{section.3}% 11
\BOOKMARK [1][-]{section.4}{\376\377\000A\000c\000t\000i\000v\000i\000t\000\351\000\040\000n\000\260\0003\000\040\000:\000\040\000C\000o\000m\000p\000t\000e\000u\000r\000\040\000\340\000\040\000s\000e\000p\000t\000\040\000s\000e\000g\000m\000e\000n\000t\000s\000\040}{}% 12
\BOOKMARK [2][-]{subsection.4.1}{\376\377\000E\000t\000u\000d\000e\000\040\000T\000h\000e\000o\000r\000i\000q\000u\000e}{section.4}% 13
\BOOKMARK [2][-]{subsection.4.2}{\376\377\000M\000a\000n\000i\000p\000u\000l\000a\000t\000i\000o\000n}{section.4}% 14
\BOOKMARK [2][-]{subsection.4.3}{\376\377\000R\000\351\000s\000u\000l\000t\000a\000t\000\040\000o\000b\000t\000e\000n\000u\000e}{section.4}% 15
\BOOKMARK [2][-]{subsection.4.4}{\376\377\000I\000n\000t\000e\000r\000p\000r\000e\000t\000a\000t\000i\000o\000n}{section.4}% 16
\BOOKMARK [1][-]{section.5}{\376\377\000A\000c\000t\000i\000v\000i\000t\000\351\000\040\000n\000\260\0004\000\040\000:\000M\000e\000s\000s\000a\000g\000e\000\040\000d\000\351\000f\000i\000l\000a\000n\000t\000\040\000s\000u\000r\000\040\000u\000n\000\040\000a\000f\000f\000i\000c\000h\000e\000u\000r\000\040\000L\000C\000D\000\040}{}% 17
\BOOKMARK [2][-]{subsection.5.1}{\376\377\000E\000t\000u\000d\000e\000\040\000T\000h\000e\000o\000r\000i\000q\000u\000e}{section.5}% 18
\BOOKMARK [2][-]{subsection.5.2}{\376\377\000M\000a\000n\000i\000p\000u\000l\000a\000t\000i\000o\000n}{section.5}% 19
\BOOKMARK [2][-]{subsection.5.3}{\376\377\000R\000\351\000s\000u\000l\000t\000a\000t\000\040\000o\000b\000t\000e\000n\000u\000e}{section.5}% 20
\BOOKMARK [2][-]{subsection.5.4}{\376\377\000I\000n\000t\000e\000r\000p\000r\000e\000t\000a\000t\000i\000o\000n}{section.5}% 21
\BOOKMARK [1][-]{section.6}{\376\377\000C\000o\000n\000c\000l\000u\000s\000i\000o\000n}{}% 22
